<?xml version="1.0" encoding="UTF-8"?>
<testsuite xmlns:xsi="http://www.w3.org/2001/XMLSchema-instance" xsi:noNamespaceSchemaLocation="https://maven.apache.org/surefire/maven-surefire-plugin/xsd/surefire-test-report.xsd" version="3.0.1" name="com.jm.main.ArithmeticTest" time="0.06" tests="4" errors="0" skipped="0" failures="0">
  <properties>
[...]
</properties>
  <testcase name="testSumWithZeroes" classname="com.jm.main.ArithmeticTest" time="0.021"/>
  <testcase name="testSumWithMixedValues" classname="com.jm.main.ArithmeticTest" time="0.001"/>
  <testcase name="testSumWithNegativeValues" classname="com.jm.main.ArithmeticTest" time="0.002"/>
  <testcase name="testSumWithPositiveValues" classname="com.jm.main.ArithmeticTest" time="0.001"/>
</testsuite>